# JRE version: Java(TM) SE Runtime Environment (8.0_05-b13) (build 1.8.0_05-b13)
# Java VM: Java HotSpot(TM) 64-Bit Server VM (25.5-b02 mixed mode windows-amd64 compressed oops)
Heap:
 PSYoungGen      total 30208K, used 224K [0x00000000eca00000, 0x00000000ee980000, 0x0000000100000000)
  eden space 28160K, 0% used [0x00000000eca00000,0x00000000eca00000,0x00000000ee580000)
  from space 2048K, 10% used [0x00000000ee780000,0x00000000ee7b8000,0x00000000ee980000)
  to   space 2048K, 0% used [0x00000000ee580000,0x00000000ee580000,0x00000000ee780000)
 ParOldGen       total 59904K, used 5578K [0x00000000c5e00000, 0x00000000c9880000, 0x00000000eca00000)
  object space 59904K, 9% used [0x00000000c5e00000,0x00000000c63728b8,0x00000000c9880000)
 Metaspace       used 16678K, capacity 17082K, committed 17280K, reserved 1071104K
  class space    used 2232K, capacity 2327K, committed 2432K, reserved 1048576K
GC Heap History (10 events):
Event: 5.093 GC heap before
{Heap before GC invocations=12 (full 0):
 PSYoungGen      total 7680K, used 7511K [0x00000000eca00000, 0x00000000ed680000, 0x0000000100000000)
  eden space 6656K, 100% used [0x00000000eca00000,0x00000000ed080000,0x00000000ed080000)
  from space 1024K, 83% used [0x00000000ed080000,0x00000000ed155ea8,0x00000000ed180000)
  to   space 1024K, 0% used [0x00000000ed580000,0x00000000ed580000,0x00000000ed680000)
 ParOldGen       total 59904K, used 2031K [0x00000000c5e00000, 0x00000000c9880000, 0x00000000eca00000)
  object space 59904K, 3% used [0x00000000c5e00000,0x00000000c5ffbf00,0x00000000c9880000)
 Metaspace       used 7949K, capacity 8134K, committed 8192K, reserved 1056768K
  class space    used 938K, capacity 971K, committed 1024K, reserved 1048576K
Event: 5.099 GC heap after
Heap after GC invocations=12 (full 0):
 PSYoungGen      total 11776K, used 784K [0x00000000eca00000, 0x00000000ed680000, 0x0000000100000000)
  eden space 10752K, 0% used [0x00000000eca00000,0x00000000eca00000,0x00000000ed480000)
  from space 1024K, 76% used [0x00000000ed580000,0x00000000ed644240,0x00000000ed680000)
  to   space 1024K, 0% used [0x00000000ed480000,0x00000000ed480000,0x00000000ed580000)
 ParOldGen       total 59904K, used 2271K [0x00000000c5e00000, 0x00000000c9880000, 0x00000000eca00000)
  object space 59904K, 3% used [0x00000000c5e00000,0x00000000c6037f00,0x00000000c9880000)
 Metaspace       used 7949K, capacity 8134K, committed 8192K, reserved 1056768K
  class space    used 938K, capacity 971K, committed 1024K, reserved 1048576K
}
Event: 5.626 GC heap before
{Heap before GC invocations=13 (full 0):
 PSYoungGen      total 11776K, used 11536K [0x00000000eca00000, 0x00000000ed680000, 0x0000000100000000)
  eden space 10752K, 100% used [0x00000000eca00000,0x00000000ed480000,0x00000000ed480000)
  from space 1024K, 76% used [0x00000000ed580000,0x00000000ed644240,0x00000000ed680000)
  to   space 1024K, 0% used [0x00000000ed480000,0x00000000ed480000,0x00000000ed580000)
 ParOldGen       total 59904K, used 2271K [0x00000000c5e00000, 0x00000000c9880000, 0x00000000eca00000)
  object space 59904K, 3% used [0x00000000c5e00000,0x00000000c6037f00,0x00000000c9880000)
 Metaspace       used 9315K, capacity 9576K, committed 9728K, reserved 1058816K
  class space    used 1114K, capacity 1190K, committed 1280K, reserved 1048576K
Event: 5.629 GC heap after
Heap after GC invocations=13 (full 0):
 PSYoungGen      total 11776K, used 1001K [0x00000000eca00000, 0x00000000ede00000, 0x0000000100000000)
  eden space 10752K, 0% used [0x00000000eca00000,0x00000000eca00000,0x00000000ed480000)
  from space 1024K, 97% used [0x00000000ed480000,0x00000000ed57a7b8,0x00000000ed580000)
  to   space 1536K, 0% used [0x00000000edc80000,0x00000000edc80000,0x00000000ede00000)
 ParOldGen       total 59904K, used 2606K [0x00000000c5e00000, 0x00000000c9880000, 0x00000000eca00000)
  object space 59904K, 4% used [0x00000000c5e00000,0x00000000c608b9a0,0x00000000c9880000)
 Metaspace       used 9315K, capacity 9576K, committed 9728K, reserved 1058816K
  class space    used 1114K, capacity 1190K, committed 1280K, reserved 1048576K
}
Event: 6.122 GC heap before
{Heap before GC invocations=14 (full 0):
 PSYoungGen      total 11776K, used 11753K [0x00000000eca00000, 0x00000000ede00000, 0x0000000100000000)
  eden space 10752K, 100% used [0x00000000eca00000,0x00000000ed480000,0x00000000ed480000)
  from space 1024K, 97% used [0x00000000ed480000,0x00000000ed57a7b8,0x00000000ed580000)
  to   space 1536K, 0% used [0x00000000edc80000,0x00000000edc80000,0x00000000ede00000)
 ParOldGen       total 59904K, used 2606K [0x00000000c5e00000, 0x00000000c9880000, 0x00000000eca00000)
  object space 59904K, 4% used [0x00000000c5e00000,0x00000000c608b9a0,0x00000000c9880000)
 Metaspace       used 10408K, capacity 10694K, committed 10880K, reserved 1058816K
  class space    used 1262K, capacity 1327K, committed 1408K, reserved 1048576K
Event: 6.125 GC heap after
Heap after GC invocations=14 (full 0):
 PSYoungGen      total 18944K, used 1098K [0x00000000eca00000, 0x00000000ede00000, 0x0000000100000000)
  eden space 17408K, 0% used [0x00000000eca00000,0x00000000eca00000,0x00000000edb00000)
  from space 1536K, 71% used [0x00000000edc80000,0x00000000edd92bb8,0x00000000ede00000)
  to   space 1536K, 0% used [0x00000000edb00000,0x00000000edb00000,0x00000000edc80000)
 ParOldGen       total 59904K, used 2910K [0x00000000c5e00000, 0x00000000c9880000, 0x00000000eca00000)
  object space 59904K, 4% used [0x00000000c5e00000,0x00000000c60d79c0,0x00000000c9880000)
 Metaspace       used 10408K, capacity 10694K, committed 10880K, reserved 1058816K
  class space    used 1262K, capacity 1327K, committed 1408K, reserved 1048576K
}
Event: 6.831 GC heap before
{Heap before GC invocations=15 (full 0):
 PSYoungGen      total 18944K, used 18506K [0x00000000eca00000, 0x00000000ede00000, 0x0000000100000000)
  eden space 17408K, 100% used [0x00000000eca00000,0x00000000edb00000,0x00000000edb00000)
  from space 1536K, 71% used [0x00000000edc80000,0x00000000edd92bb8,0x00000000ede00000)
  to   space 1536K, 0% used [0x00000000edb00000,0x00000000edb00000,0x00000000edc80000)
 ParOldGen       total 59904K, used 2910K [0x00000000c5e00000, 0x00000000c9880000, 0x00000000eca00000)
  object space 59904K, 4% used [0x00000000c5e00000,0x00000000c60d79c0,0x00000000c9880000)
 Metaspace       used 13034K, capacity 13408K, committed 13568K, reserved 1060864K
  class space    used 1588K, capacity 1670K, committed 1792K, reserved 1048576K
Event: 6.836 GC heap after
Heap after GC invocations=15 (full 0):
 PSYoungGen      total 18944K, used 1529K [0x00000000eca00000, 0x00000000ee980000, 0x0000000100000000)
  eden space 17408K, 0% used [0x00000000eca00000,0x00000000eca00000,0x00000000edb00000)
  from space 1536K, 99% used [0x00000000edb00000,0x00000000edc7e5b8,0x00000000edc80000)
  to   space 2048K, 0% used [0x00000000ee780000,0x00000000ee780000,0x00000000ee980000)
 ParOldGen       total 59904K, used 3364K [0x00000000c5e00000, 0x00000000c9880000, 0x00000000eca00000)
  object space 59904K, 5% used [0x00000000c5e00000,0x00000000c6149328,0x00000000c9880000)
 Metaspace       used 13034K, capacity 13408K, committed 13568K, reserved 1060864K
  class space    used 1588K, capacity 1670K, committed 1792K, reserved 1048576K
}
Event: 7.239 GC heap before
{Heap before GC invocations=16 (full 0):
 PSYoungGen      total 18944K, used 18937K [0x00000000eca00000, 0x00000000ee980000, 0x0000000100000000)
  eden space 17408K, 100% used [0x00000000eca00000,0x00000000edb00000,0x00000000edb00000)
  from space 1536K, 99% used [0x00000000edb00000,0x00000000edc7e5b8,0x00000000edc80000)
  to   space 2048K, 0% used [0x00000000ee780000,0x00000000ee780000,0x00000000ee980000)
 ParOldGen       total 59904K, used 3364K [0x00000000c5e00000, 0x00000000c9880000, 0x00000000eca00000)
  object space 59904K, 5% used [0x00000000c5e00000,0x00000000c6149328,0x00000000c9880000)
 Metaspace       used 14548K, capacity 14974K, committed 15360K, reserved 1062912K
  class space    used 1868K, capacity 1955K, committed 2048K, reserved 1048576K
Event: 7.245 GC heap after
Heap after GC invocations=16 (full 0):
 PSYoungGen      total 30208K, used 1513K [0x00000000eca00000, 0x00000000ee980000, 0x0000000100000000)
  eden space 28160K, 0% used [0x00000000eca00000,0x00000000eca00000,0x00000000ee580000)
  from space 2048K, 73% used [0x00000000ee780000,0x00000000ee8fa7b0,0x00000000ee980000)
  to   space 2048K, 0% used [0x00000000ee580000,0x00000000ee580000,0x00000000ee780000)
 ParOldGen       total 59904K, used 3892K [0x00000000c5e00000, 0x00000000c9880000, 0x00000000eca00000)
  object space 59904K, 6% used [0x00000000c5e00000,0x00000000c61cd328,0x00000000c9880000)
 Metaspace       used 14548K, capacity 14974K, committed 15360K, reserved 1062912K
  class space    used 1868K, capacity 1955K, committed 2048K, reserved 1048576K
}

